<?xml version="1.0" encoding="UTF-8"?>
<!-- Generated by org.testng.reporters.JUnitXMLReporter -->
<testsuite hostname="LIN34001526" ignored="0" name="Test" tests="4" failures="0" timestamp="2022-01-12T08:58:17 IST" time="5.043" errors="0">
  <testcase name="@BeforeClass setUp" time="4.916" classname="testNG.ParallelExecution">
    <failure type="org.openqa.selenium.SessionNotCreatedException" message="session not created: This version of ChromeDriver only supports Chrome version 92
Current browser version is 96.0.4664.110 with binary path C:\Program Files (x86)\Google\Chrome\Application\chrome.exe
Build info: version: &amp;apos;3.141.59&amp;apos;, revision: &amp;apos;e82be7d358&amp;apos;, time: &amp;apos;2018-11-14T08:25:53&amp;apos;
System info: host: &amp;apos;LIN34001526&amp;apos;, ip: &amp;apos;192.168.1.4&amp;apos;, os.name: &amp;apos;Windows 10&amp;apos;, os.arch: &amp;apos;amd64&amp;apos;, os.version: &amp;apos;10.0&amp;apos;, java.version: &amp;apos;1.8.0_291&amp;apos;
Driver info: driver.version: ChromeDriver
remote stacktrace: Backtrace:
	Ordinal0 [0x010B2A33+2501171]
	Ordinal0 [0x0104D1C1+2085313]
	Ordinal0 [0x00F51FA8+1056680]
	Ordinal0 [0x00F7020A+1180170]
	Ordinal0 [0x00F6C125+1163557]
	Ordinal0 [0x00F6997F+1153407]
	Ordinal0 [0x00F9999F+1350047]
	Ordinal0 [0x00F9960A+1349130]
	Ordinal0 [0x00F9551B+1332507]
	Ordinal0 [0x00F71D74+1187188]
	Ordinal0 [0x00F72BD9+1190873]
	GetHandleVerifier [0x0122EFE6+1504438]
	GetHandleVerifier [0x012DDDA5+2220661]
	GetHandleVerifier [0x01135589+481881]
	GetHandleVerifier [0x01134639+477961]
	Ordinal0 [0x010528BD+2107581]
	Ordinal0 [0x01056728+2123560]
	Ordinal0 [0x01056862+2123874]
	Ordinal0 [0x0105FA81+2161281]
	BaseThreadInitThunk [0x76E9FA29+25]
	RtlGetAppContainerNamedObjectPath [0x773C7A9E+286]
	RtlGetAppContainerNamedObjectPath [0x773C7A6E+238]
">
      <![CDATA[org.openqa.selenium.SessionNotCreatedException: session not created: This version of ChromeDriver only supports Chrome version 92
Current browser version is 96.0.4664.110 with binary path C:\Program Files (x86)\Google\Chrome\Application\chrome.exe
Build info: version: '3.141.59', revision: 'e82be7d358', time: '2018-11-14T08:25:53'
System info: host: 'LIN34001526', ip: '192.168.1.4', os.name: 'Windows 10', os.arch: 'amd64', os.version: '10.0', java.version: '1.8.0_291'
Driver info: driver.version: ChromeDriver
remote stacktrace: Backtrace:
Ordinal0 [0x010B2A33+2501171]
Ordinal0 [0x0104D1C1+2085313]
Ordinal0 [0x00F51FA8+1056680]
Ordinal0 [0x00F7020A+1180170]
Ordinal0 [0x00F6C125+1163557]
Ordinal0 [0x00F6997F+1153407]
Ordinal0 [0x00F9999F+1350047]
Ordinal0 [0x00F9960A+1349130]
Ordinal0 [0x00F9551B+1332507]
Ordinal0 [0x00F71D74+1187188]
Ordinal0 [0x00F72BD9+1190873]
GetHandleVerifier [0x0122EFE6+1504438]
GetHandleVerifier [0x012DDDA5+2220661]
GetHandleVerifier [0x01135589+481881]
GetHandleVerifier [0x01134639+477961]
Ordinal0 [0x010528BD+2107581]
Ordinal0 [0x01056728+2123560]
Ordinal0 [0x01056862+2123874]
Ordinal0 [0x0105FA81+2161281]
BaseThreadInitThunk [0x76E9FA29+25]
RtlGetAppContainerNamedObjectPath [0x773C7A9E+286]
RtlGetAppContainerNamedObjectPath [0x773C7A6E+238]

at sun.reflect.NativeConstructorAccessorImpl.newInstance0(Native Method)
at sun.reflect.NativeConstructorAccessorImpl.newInstance(Unknown Source)
at sun.reflect.DelegatingConstructorAccessorImpl.newInstance(Unknown Source)
at java.lang.reflect.Constructor.newInstance(Unknown Source)
at org.openqa.selenium.remote.W3CHandshakeResponse.lambda$errorHandler$0(W3CHandshakeResponse.java:62)
at org.openqa.selenium.remote.HandshakeResponse.lambda$getResponseFunction$0(HandshakeResponse.java:30)
at org.openqa.selenium.remote.ProtocolHandshake.lambda$createSession$0(ProtocolHandshake.java:126)
at java.util.stream.ReferencePipeline$3$1.accept(Unknown Source)
at java.util.Spliterators$ArraySpliterator.tryAdvance(Unknown Source)
at java.util.stream.ReferencePipeline.forEachWithCancel(Unknown Source)
at java.util.stream.AbstractPipeline.copyIntoWithCancel(Unknown Source)
at java.util.stream.AbstractPipeline.copyInto(Unknown Source)
at java.util.stream.AbstractPipeline.wrapAndCopyInto(Unknown Source)
at java.util.stream.FindOps$FindOp.evaluateSequential(Unknown Source)
at java.util.stream.AbstractPipeline.evaluate(Unknown Source)
at java.util.stream.ReferencePipeline.findFirst(Unknown Source)
at org.openqa.selenium.remote.ProtocolHandshake.createSession(ProtocolHandshake.java:128)
at org.openqa.selenium.remote.ProtocolHandshake.createSession(ProtocolHandshake.java:74)
at org.openqa.selenium.remote.HttpCommandExecutor.execute(HttpCommandExecutor.java:136)
at org.openqa.selenium.remote.service.DriverCommandExecutor.execute(DriverCommandExecutor.java:83)
at org.openqa.selenium.remote.RemoteWebDriver.execute(RemoteWebDriver.java:552)
at org.openqa.selenium.remote.RemoteWebDriver.startSession(RemoteWebDriver.java:213)
at org.openqa.selenium.remote.RemoteWebDriver.<init>(RemoteWebDriver.java:131)
at org.openqa.selenium.chrome.ChromeDriver.<init>(ChromeDriver.java:181)
at org.openqa.selenium.chrome.ChromeDriver.<init>(ChromeDriver.java:168)
at org.openqa.selenium.chrome.ChromeDriver.<init>(ChromeDriver.java:123)
at testNG.ParallelExecution.setUp(ParallelExecution.java:19)
at sun.reflect.NativeMethodAccessorImpl.invoke0(Native Method)
at sun.reflect.NativeMethodAccessorImpl.invoke(Unknown Source)
at sun.reflect.DelegatingMethodAccessorImpl.invoke(Unknown Source)
at java.lang.reflect.Method.invoke(Unknown Source)
at org.testng.internal.MethodInvocationHelper.invokeMethod(MethodInvocationHelper.java:133)
at org.testng.internal.MethodInvocationHelper.invokeMethodConsideringTimeout(MethodInvocationHelper.java:62)
at org.testng.internal.ConfigInvoker.invokeConfigurationMethod(ConfigInvoker.java:385)
at org.testng.internal.ConfigInvoker.invokeConfigurations(ConfigInvoker.java:321)
at org.testng.internal.TestMethodWorker.invokeBeforeClassMethods(TestMethodWorker.java:176)
at org.testng.internal.TestMethodWorker.run(TestMethodWorker.java:122)
at java.util.ArrayList.forEach(Unknown Source)
at org.testng.TestRunner.privateRun(TestRunner.java:794)
at org.testng.TestRunner.run(TestRunner.java:596)
at org.testng.SuiteRunner.runTest(SuiteRunner.java:377)
at org.testng.SuiteRunner.access$000(SuiteRunner.java:28)
at org.testng.SuiteRunner$SuiteWorker.run(SuiteRunner.java:418)
at org.testng.internal.thread.ThreadUtil.lambda$execute$0(ThreadUtil.java:64)
at java.util.concurrent.FutureTask.run(Unknown Source)
at java.util.concurrent.ThreadPoolExecutor.runWorker(Unknown Source)
at java.util.concurrent.ThreadPoolExecutor$Worker.run(Unknown Source)
at java.lang.Thread.run(Unknown Source)
]]>
    </failure>
  </testcase> <!-- @BeforeClass setUp -->
  <testcase name="@AfterClass tearDown" time="-1.641958097696E9" classname="testNG.ParallelExecution">
    <skipped/>
  </testcase> <!-- @AfterClass tearDown -->
  <testcase name="GmailTest" time="0.0" classname="testNG.ParallelExecution">
    <skipped/>
  </testcase> <!-- GmailTest -->
  <testcase name="YahooTest" time="0.0" classname="testNG.ParallelExecution">
    <skipped/>
  </testcase> <!-- YahooTest -->
  <testcase name="YahooTest" time="0.0" classname="testNG.ParallelExecution">
    <skipped/>
  </testcase> <!-- YahooTest -->
  <testcase name="YahooTest" time="0.0" classname="testNG.ParallelExecution">
    <skipped/>
  </testcase> <!-- YahooTest -->
</testsuite> <!-- Test -->
