<?xml version="1.0" encoding="UTF-8"?>
<!-- Generated by org.testng.reporters.JUnitReportReporter -->
<testsuite skipped="1" hostname="LIN34001526" name="testNgListeners.DropDown" tests="2" failures="0" timestamp="2022-03-11T22:01:11 IST" time="4.563" errors="1">
  <testcase name="setUp" time="4.563" classname="testNgListeners.DropDown">
    <error type="org.openqa.selenium.SessionNotCreatedException" message="session not created: This version of ChromeDriver only supports Chrome version 96
Current browser version is 99.0.4844.51 with binary path C:\Program Files (x86)\Google\Chrome\Application\chrome.exe
Build info: version: &#039;3.141.59&#039;, revision: &#039;e82be7d358&#039;, time: &#039;2018-11-14T08:25:53&#039;
System info: host: &#039;LIN34001526&#039;, ip: &#039;192.168.1.2&#039;, os.name: &#039;Windows 10&#039;, os.arch: &#039;amd64&#039;, os.version: &#039;10.0&#039;, java.version: &#039;1.8.0_291&#039;
Driver info: driver.version: ChromeDriver
remote stacktrace: Backtrace:
	Ordinal0 [0x00B56903+2517251]
	Ordinal0 [0x00AEF8E1+2095329]
	Ordinal0 [0x009F2848+1058888]
	Ordinal0 [0x00A10B9D+1182621]
	Ordinal0 [0x00A0CA60+1165920]
	Ordinal0 [0x00A0A2CF+1155791]
	Ordinal0 [0x00A3AAAF+1354415]
	Ordinal0 [0x00A3A71A+1353498]
	Ordinal0 [0x00A3639B+1336219]
	Ordinal0 [0x00A127A7+1189799]
	Ordinal0 [0x00A13609+1193481]
	GetHandleVerifier [0x00CE5904+1577972]
	GetHandleVerifier [0x00D90B97+2279047]
	GetHandleVerifier [0x00BE6D09+534521]
	GetHandleVerifier [0x00BE5DB9+530601]
	Ordinal0 [0x00AF4FF9+2117625]
	Ordinal0 [0x00AF98A8+2136232]
	Ordinal0 [0x00AF99E2+2136546]
	Ordinal0 [0x00B03541+2176321]
	BaseThreadInitThunk [0x7675FA29+25]
	RtlGetAppContainerNamedObjectPath [0x77187A9E+286]
	RtlGetAppContainerNamedObjectPath [0x77187A6E+238]
">
      <![CDATA[org.openqa.selenium.SessionNotCreatedException: session not created: This version of ChromeDriver only supports Chrome version 96
Current browser version is 99.0.4844.51 with binary path C:\Program Files (x86)\Google\Chrome\Application\chrome.exe
Build info: version: '3.141.59', revision: 'e82be7d358', time: '2018-11-14T08:25:53'
System info: host: 'LIN34001526', ip: '192.168.1.2', os.name: 'Windows 10', os.arch: 'amd64', os.version: '10.0', java.version: '1.8.0_291'
Driver info: driver.version: ChromeDriver
remote stacktrace: Backtrace:
Ordinal0 [0x00B56903+2517251]
Ordinal0 [0x00AEF8E1+2095329]
Ordinal0 [0x009F2848+1058888]
Ordinal0 [0x00A10B9D+1182621]
Ordinal0 [0x00A0CA60+1165920]
Ordinal0 [0x00A0A2CF+1155791]
Ordinal0 [0x00A3AAAF+1354415]
Ordinal0 [0x00A3A71A+1353498]
Ordinal0 [0x00A3639B+1336219]
Ordinal0 [0x00A127A7+1189799]
Ordinal0 [0x00A13609+1193481]
GetHandleVerifier [0x00CE5904+1577972]
GetHandleVerifier [0x00D90B97+2279047]
GetHandleVerifier [0x00BE6D09+534521]
GetHandleVerifier [0x00BE5DB9+530601]
Ordinal0 [0x00AF4FF9+2117625]
Ordinal0 [0x00AF98A8+2136232]
Ordinal0 [0x00AF99E2+2136546]
Ordinal0 [0x00B03541+2176321]
BaseThreadInitThunk [0x7675FA29+25]
RtlGetAppContainerNamedObjectPath [0x77187A9E+286]
RtlGetAppContainerNamedObjectPath [0x77187A6E+238]

at sun.reflect.NativeConstructorAccessorImpl.newInstance0(Native Method)
at sun.reflect.NativeConstructorAccessorImpl.newInstance(Unknown Source)
at sun.reflect.DelegatingConstructorAccessorImpl.newInstance(Unknown Source)
at java.lang.reflect.Constructor.newInstance(Unknown Source)
at org.openqa.selenium.remote.W3CHandshakeResponse.lambda$errorHandler$0(W3CHandshakeResponse.java:62)
at org.openqa.selenium.remote.HandshakeResponse.lambda$getResponseFunction$0(HandshakeResponse.java:30)
at org.openqa.selenium.remote.ProtocolHandshake.lambda$createSession$0(ProtocolHandshake.java:126)
at java.util.stream.ReferencePipeline$3$1.accept(Unknown Source)
at java.util.Spliterators$ArraySpliterator.tryAdvance(Unknown Source)
at java.util.stream.ReferencePipeline.forEachWithCancel(Unknown Source)
at java.util.stream.AbstractPipeline.copyIntoWithCancel(Unknown Source)
at java.util.stream.AbstractPipeline.copyInto(Unknown Source)
at java.util.stream.AbstractPipeline.wrapAndCopyInto(Unknown Source)
at java.util.stream.FindOps$FindOp.evaluateSequential(Unknown Source)
at java.util.stream.AbstractPipeline.evaluate(Unknown Source)
at java.util.stream.ReferencePipeline.findFirst(Unknown Source)
at org.openqa.selenium.remote.ProtocolHandshake.createSession(ProtocolHandshake.java:128)
at org.openqa.selenium.remote.ProtocolHandshake.createSession(ProtocolHandshake.java:74)
at org.openqa.selenium.remote.HttpCommandExecutor.execute(HttpCommandExecutor.java:136)
at org.openqa.selenium.remote.service.DriverCommandExecutor.execute(DriverCommandExecutor.java:83)
at org.openqa.selenium.remote.RemoteWebDriver.execute(RemoteWebDriver.java:552)
at org.openqa.selenium.remote.RemoteWebDriver.startSession(RemoteWebDriver.java:213)
at org.openqa.selenium.remote.RemoteWebDriver.<init>(RemoteWebDriver.java:131)
at org.openqa.selenium.chrome.ChromeDriver.<init>(ChromeDriver.java:181)
at org.openqa.selenium.chrome.ChromeDriver.<init>(ChromeDriver.java:168)
at org.openqa.selenium.chrome.ChromeDriver.<init>(ChromeDriver.java:123)
at selenium.CommonMethods.OpenBrowser_Navigate(CommonMethods.java:20)
at testNgListeners.FailedScreenShot.initization(FailedScreenShot.java:20)
at testNgListeners.DropDown.setUp(DropDown.java:32)
at sun.reflect.NativeMethodAccessorImpl.invoke0(Native Method)
at sun.reflect.NativeMethodAccessorImpl.invoke(Unknown Source)
at sun.reflect.DelegatingMethodAccessorImpl.invoke(Unknown Source)
at java.lang.reflect.Method.invoke(Unknown Source)
at org.testng.internal.MethodInvocationHelper.invokeMethod(MethodInvocationHelper.java:133)
at org.testng.internal.MethodInvocationHelper.invokeMethodConsideringTimeout(MethodInvocationHelper.java:62)
at org.testng.internal.ConfigInvoker.invokeConfigurationMethod(ConfigInvoker.java:385)
at org.testng.internal.ConfigInvoker.invokeConfigurations(ConfigInvoker.java:321)
at org.testng.internal.TestInvoker.runConfigMethods(TestInvoker.java:700)
at org.testng.internal.TestInvoker.invokeMethod(TestInvoker.java:527)
at org.testng.internal.TestInvoker.invokeTestMethod(TestInvoker.java:173)
at org.testng.internal.MethodRunner.runInSequence(MethodRunner.java:46)
at org.testng.internal.TestInvoker$MethodInvocationAgent.invoke(TestInvoker.java:824)
at org.testng.internal.TestInvoker.invokeTestMethods(TestInvoker.java:146)
at org.testng.internal.TestMethodWorker.invokeTestMethods(TestMethodWorker.java:146)
at org.testng.internal.TestMethodWorker.run(TestMethodWorker.java:128)
at java.util.ArrayList.forEach(Unknown Source)
at org.testng.TestRunner.privateRun(TestRunner.java:794)
at org.testng.TestRunner.run(TestRunner.java:596)
at org.testng.SuiteRunner.runTest(SuiteRunner.java:377)
at org.testng.SuiteRunner.runSequentially(SuiteRunner.java:371)
at org.testng.SuiteRunner.privateRun(SuiteRunner.java:332)
at org.testng.SuiteRunner.run(SuiteRunner.java:276)
at org.testng.SuiteRunnerWorker.runSuite(SuiteRunnerWorker.java:53)
at org.testng.SuiteRunnerWorker.run(SuiteRunnerWorker.java:96)
at org.testng.TestNG.runSuitesSequentially(TestNG.java:1212)
at org.testng.TestNG.runSuitesLocally(TestNG.java:1134)
at org.testng.TestNG.runSuites(TestNG.java:1063)
at org.testng.TestNG.run(TestNG.java:1031)
at org.testng.remote.AbstractRemoteTestNG.run(AbstractRemoteTestNG.java:115)
at org.testng.remote.RemoteTestNG.initAndRun(RemoteTestNG.java:251)
at org.testng.remote.RemoteTestNG.main(RemoteTestNG.java:77)
]]>
    </error>
  </testcase> <!-- setUp -->
  <system-out/>
  <testcase name="selectionOfDropDown" time="0.000" classname="testNgListeners.DropDown">
    <skipped/>
  </testcase> <!-- selectionOfDropDown -->
  <system-out/>
</testsuite> <!-- testNgListeners.DropDown -->
